<?xml version="1.0" encoding="UTF-8"?>
<!-- Generated by org.testng.reporters.JUnitReportReporter -->
<testsuite name="org.testing.TestScripts.GetRequestTC" tests="1" time="1.263" ignored="0" failures="0" timestamp="13 Aug 2020 23:20:41 GMT" skipped="0" hostname="DESKTOP-FVDGD53" errors="0">
  <testcase name="tc2" time="1.263" classname="org.testing.TestScripts.GetRequestTC"/>
</testsuite> <!-- org.testing.TestScripts.GetRequestTC -->
