<?xml version="1.0" encoding="UTF-8"?>
<!-- Generated by org.testng.reporters.JUnitReportReporter -->
<testsuite name="org.testing.TestScripts.PutRequestTC" tests="1" time="0.024" ignored="0" failures="0" timestamp="13 Aug 2020 23:20:41 GMT" skipped="0" hostname="DESKTOP-FVDGD53" errors="0">
  <testcase name="tc4" time="0.024" classname="org.testing.TestScripts.PutRequestTC"/>
</testsuite> <!-- org.testing.TestScripts.PutRequestTC -->
