<?xml version="1.0" encoding="UTF-8"?>
<!-- Generated by org.testng.reporters.JUnitReportReporter -->
<testsuite name="org.testing.TestScripts.DeleteRequestTC" tests="1" time="0.060" ignored="0" failures="0" timestamp="13 Aug 2020 23:21:34 GMT" skipped="0" hostname="DESKTOP-FVDGD53" errors="0">
  <testcase name="tc5" time="0.060" classname="org.testing.TestScripts.DeleteRequestTC"/>
</testsuite> <!-- org.testing.TestScripts.DeleteRequestTC -->
