<?xml version="1.0" encoding="UTF-8"?>
<!-- Generated by org.testng.reporters.JUnitReportReporter -->
<testsuite name="org.testing.TestScripts.GetRequestWithQueryParameters" tests="1" time="0.056" ignored="0" failures="0" timestamp="13 Aug 2020 23:21:34 GMT" skipped="0" hostname="DESKTOP-FVDGD53" errors="0">
  <testcase name="tc3" time="0.056" classname="org.testing.TestScripts.GetRequestWithQueryParameters"/>
</testsuite> <!-- org.testing.TestScripts.GetRequestWithQueryParameters -->
